mode: set
github.com/LeeJeKyun/manual-parse/main.go:23.30,25.2 1 1
github.com/LeeJeKyun/manual-parse/main.go:28.35,29.23 1 1
github.com/LeeJeKyun/manual-parse/main.go:29.23,31.3 1 1
github.com/LeeJeKyun/manual-parse/main.go:32.2,32.12 1 1
github.com/LeeJeKyun/manual-parse/main.go:36.47,44.20 4 1
github.com/LeeJeKyun/manual-parse/main.go:44.20,46.3 1 1
github.com/LeeJeKyun/manual-parse/main.go:49.2,49.44 1 1
github.com/LeeJeKyun/manual-parse/main.go:49.44,52.3 2 1
github.com/LeeJeKyun/manual-parse/main.go:55.2,56.16 2 1
github.com/LeeJeKyun/manual-parse/main.go:56.16,58.3 1 1
github.com/LeeJeKyun/manual-parse/main.go:60.2,62.15 2 1
github.com/LeeJeKyun/manual-parse/main.go:66.56,75.38 5 1
github.com/LeeJeKyun/manual-parse/main.go:75.38,77.3 1 0
github.com/LeeJeKyun/manual-parse/main.go:80.2,81.20 2 1
github.com/LeeJeKyun/manual-parse/main.go:81.20,83.3 1 1
github.com/LeeJeKyun/manual-parse/main.go:84.2,84.18 1 1
github.com/LeeJeKyun/manual-parse/main.go:88.52,91.34 2 1
github.com/LeeJeKyun/manual-parse/main.go:91.34,94.3 1 1
github.com/LeeJeKyun/manual-parse/main.go:97.55,100.18 1 1
github.com/LeeJeKyun/manual-parse/main.go:100.18,103.3 2 1
github.com/LeeJeKyun/manual-parse/main.go:106.2,107.16 2 1
github.com/LeeJeKyun/manual-parse/main.go:107.16,109.3 1 1
github.com/LeeJeKyun/manual-parse/main.go:112.2,113.12 2 1
github.com/LeeJeKyun/manual-parse/main.go:116.13,120.16 2 0
github.com/LeeJeKyun/manual-parse/main.go:120.16,124.3 3 0
github.com/LeeJeKyun/manual-parse/main.go:126.2,127.16 2 0
github.com/LeeJeKyun/manual-parse/main.go:127.16,131.3 3 0
github.com/LeeJeKyun/manual-parse/main.go:134.2,135.16 2 0
github.com/LeeJeKyun/manual-parse/main.go:135.16,138.3 2 0
